<?xml version="1.0" encoding="UTF-8"?>
<testsuite name="com.hackerrank.sample.HttpJsonDynamicUnitTest" time="0,744000" tests="2" errors="0" skipped="0" failures="2">
    <testcase name="Get all models" classname="com.hackerrank.sample.HttpJsonDynamicUnitTest" time="0,711000">
        <failure>
            Step: GET /model
            Reason: Response Json (at index 0) does not match with the expected Json
            Expected: {"id":1,"name":"model-000-000-001"}
            Found: {"id":"1","name":"model-000-000-001","url":null,"description":null,"price":null,"rating":null,"category":null,"characteristics":[]}
        </failure>
    </testcase>
    <testcase name="Delete model by id" classname="com.hackerrank.sample.HttpJsonDynamicUnitTest" time="0,033000">
        <failure>
            Step: GET /model
            Reason: Response Json (at index 0) does not match with the expected Json
            Expected: {"id":1,"name":"model-000-000-001"}
            Found: {"id":"1","name":"model-000-000-001","url":null,"description":null,"price":null,"rating":null,"category":null,"characteristics":[]}
        </failure>
    </testcase>
</testsuite>
